Using pre-set license
Built from '2020.2/release' branch; Version is '2020.2.2f1 (068178b99f32) revision 426360'; Using compiler version '192528614'; Build Type 'Release'
OS: 'Windows 10 Home; OS build 19042.804; Version 2009; 64bit' Language: 'nl' Physical Memory: 16263 MB
BatchMode: 1, IsHumanControllingUs: 0, StartBugReporterOnCrash: 0, Is64bit: 1, IsPro: 0

 COMMAND LINE ARGUMENTS:
D:\Program Files\Unity\Hub\Editor\2020.2.2f1\Editor\Unity.exe
-adb2
-batchMode
-noUpm
-name
AssetImportWorker1
-projectPath
D:/Deniz/Unity/AstroRun
-logFile
Logs/AssetImportWorker1.log
-srvPort
50268
Successfully changed project path to: D:/Deniz/Unity/AstroRun
D:/Deniz/Unity/AstroRun
Using Asset Import Pipeline V2.
Refreshing native plugins compatible for Editor in 128.34 ms, found 1 plugins.
Preloading 0 native plugins for Editor in 0.00 ms.
Initialize engine version: 2020.2.2f1 (068178b99f32)
[Subsystems] Discovering subsystems at path D:/Program Files/Unity/Hub/Editor/2020.2.2f1/Editor/Data/Resources/UnitySubsystems
[Subsystems] Discovering subsystems at path D:/Deniz/Unity/AstroRun/Assets
GfxDevice: creating device client; threaded=0
Direct3D:
    Version:  Direct3D 11.0 [level 11.1]
    Renderer: NVIDIA GeForce GTX 1070 with Max-Q Design (ID=0x1be1)
    Vendor:   
    VRAM:     8081 MB
    Driver:   27.21.14.5730
Shader 'Universal Render Pipeline/Particles/Lit': fallback shader 'Universal Render Pipeline/Particles/SimpleLit' not found
Initialize mono
Mono path[0] = 'D:/Program Files/Unity/Hub/Editor/2020.2.2f1/Editor/Data/Managed'
Mono path[1] = 'D:/Program Files/Unity/Hub/Editor/2020.2.2f1/Editor/Data/MonoBleedingEdge/lib/mono/unityjit'
Mono config path = 'D:/Program Files/Unity/Hub/Editor/2020.2.2f1/Editor/Data/MonoBleedingEdge/etc'
Using monoOptions --debugger-agent=transport=dt_socket,embedding=1,server=y,suspend=n,address=127.0.0.1:56880
Begin MonoManager ReloadAssembly
Registering precompiled unity dll's ...
Register platform support module: D:/Program Files/Unity/Hub/Editor/2020.2.2f1/Editor/Data/PlaybackEngines/WindowsStandaloneSupport/UnityEditor.WindowsStandalone.Extensions.dll
Registered in 0.002471 seconds.
Native extension for WindowsStandalone target not found
Refreshing native plugins compatible for Editor in 121.54 ms, found 1 plugins.
Preloading 0 native plugins for Editor in 0.00 ms.
Invoked RoslynAnalysisRunner static constructor.
RoslynAnalysisRunner will not be running.
RoslynAnalysisRunner has terminated.
Mono: successfully reloaded assembly
- Completed reload, in  2.634 seconds
Platform modules already initialized, skipping
Registering precompiled user dll's ...
Registered in 0.008360 seconds.
Begin MonoManager ReloadAssembly
Native extension for WindowsStandalone target not found
Refreshing native plugins compatible for Editor in 130.16 ms, found 1 plugins.
Preloading 0 native plugins for Editor in 0.00 ms.
GPGSUpgrader start
UnityEngine.StackTraceUtility:ExtractStackTrace ()
UnityEngine.DebugLogHandler:LogFormat (UnityEngine.LogType,UnityEngine.Object,string,object[])
UnityEngine.Logger:Log (UnityEngine.LogType,object)
UnityEngine.Debug:Log (object)
GooglePlayGames.Editor.GPGSUpgrader:.cctor () (at Assets/GooglePlayGames/Editor/GPGSUpgrader.cs:36)
System.Runtime.CompilerServices.RuntimeHelpers:RunClassConstructor (System.RuntimeTypeHandle)
UnityEditor.EditorAssemblies:ProcessInitializeOnLoadAttributes (System.Type[])

(Filename: Assets/GooglePlayGames/Editor/GPGSUpgrader.cs Line: 36)

GPGSUpgrader done
UnityEngine.StackTraceUtility:ExtractStackTrace ()
UnityEngine.DebugLogHandler:LogFormat (UnityEngine.LogType,UnityEngine.Object,string,object[])
UnityEngine.Logger:Log (UnityEngine.LogType,object)
UnityEngine.Debug:Log (object)
GooglePlayGames.Editor.GPGSUpgrader:.cctor () (at Assets/GooglePlayGames/Editor/GPGSUpgrader.cs:103)
System.Runtime.CompilerServices.RuntimeHelpers:RunClassConstructor (System.RuntimeTypeHandle)
UnityEditor.EditorAssemblies:ProcessInitializeOnLoadAttributes (System.Type[])

(Filename: Assets/GooglePlayGames/Editor/GPGSUpgrader.cs Line: 103)

Invoked RoslynAnalysisRunner static constructor.
RoslynAnalysisRunner will not be running.
RoslynAnalysisRunner has terminated.
Mono: successfully reloaded assembly
- Completed reload, in  1.646 seconds
Platform modules already initialized, skipping
========================================================================
Worker process is ready to serve import requests
Shader 'Universal Render Pipeline/Particles/Lit': fallback shader 'Universal Render Pipeline/Particles/SimpleLit' not found
Launched and connected shader compiler UnityShaderCompiler.exe after 0.09 seconds
Refreshing native plugins compatible for Editor in 1.32 ms, found 1 plugins.
Preloading 0 native plugins for Editor in 0.00 ms.
Unloading 3022 Unused Serialized files (Serialized files now loaded: 0)
System memory in use before: 139.4 MB.
System memory in use after: 139.2 MB.

Unloading 32 unused Assets to reduce memory usage. Loaded Objects now: 3470.
Total: 5.975300 ms (FindLiveObjects: 0.518600 ms CreateObjectMapping: 0.443300 ms MarkObjects: 4.436900 ms  DeleteObjects: 0.574600 ms)

========================================================================
Received Import Request.
  path: Assets/RiolRat/Videos/Milkyway/MilkywayOriginal.mp4
  artifactKey: Guid(d510884d806e1d846a9bfb5e6a18dc51) Importer(815301076,1909f56bfc062723c751e8b465ee728b)
Start importing Assets/RiolRat/Videos/Milkyway/MilkywayOriginal.mp4 using Guid(d510884d806e1d846a9bfb5e6a18dc51) Importer(815301076,1909f56bfc062723c751e8b465ee728b)  -> (artifact id: '8c22b7af7e43558b086e6c5bd71e64f4') in 0.167447 seconds
  Import took 0.174815 seconds .

========================================================================
Received Import Request.
  Time since last request: 0.000234 seconds.
  path: Assets/RiolRat/Videos/Milkyway/MilkywayIntroVerySlow25RF.m4v
  artifactKey: Guid(ab96788af8e49bb43964589827c52521) Importer(815301076,1909f56bfc062723c751e8b465ee728b)
Start importing Assets/RiolRat/Videos/Milkyway/MilkywayIntroVerySlow25RF.m4v using Guid(ab96788af8e49bb43964589827c52521) Importer(815301076,1909f56bfc062723c751e8b465ee728b)  -> (artifact id: '753282b58c5873b684e5f2e585ded501') in 0.007392 seconds
  Import took 0.012953 seconds .

========================================================================
Received Import Request.
  Time since last request: 0.000239 seconds.
  path: Assets/RiolRat/Videos/Milkyway/MilkywayLoopVerySlow30RF.m4v
  artifactKey: Guid(4d58e853e60b021428b3a013a31a7103) Importer(815301076,1909f56bfc062723c751e8b465ee728b)
Start importing Assets/RiolRat/Videos/Milkyway/MilkywayLoopVerySlow30RF.m4v using Guid(4d58e853e60b021428b3a013a31a7103) Importer(815301076,1909f56bfc062723c751e8b465ee728b)  -> (artifact id: 'eb441d28052dbd8dbfef98df75d24610') in 0.004532 seconds
  Import took 0.009930 seconds .

========================================================================
Received Import Request.
  Time since last request: 0.000287 seconds.
  path: Assets/RiolRat/Videos/Milkyway
  artifactKey: Guid(22555cac38a3a064f8e933dc1e3e2582) Importer(815301076,1909f56bfc062723c751e8b465ee728b)
Start importing Assets/RiolRat/Videos/Milkyway using Guid(22555cac38a3a064f8e933dc1e3e2582) Importer(815301076,1909f56bfc062723c751e8b465ee728b)  -> (artifact id: 'f759c9311ed10404a9f22ab15ce50257') in 0.004717 seconds
  Import took 0.010407 seconds .

========================================================================
Received Import Request.
  Time since last request: 193.583350 seconds.
  path: Assets/RiolRat/backgrounds
  artifactKey: Guid(de48f48525122cc43afe512e3dd96846) Importer(815301076,1909f56bfc062723c751e8b465ee728b)
Start importing Assets/RiolRat/backgrounds using Guid(de48f48525122cc43afe512e3dd96846) Importer(815301076,1909f56bfc062723c751e8b465ee728b)  -> (artifact id: '173bb5a0611617a4dd95d27cded4c28d') in 0.013585 seconds
  Import took 0.019102 seconds .

========================================================================
Received Import Request.
  Time since last request: 12.923421 seconds.
  path: Assets/RiolRat/Backgrounds
  artifactKey: Guid(de48f48525122cc43afe512e3dd96846) Importer(815301076,1909f56bfc062723c751e8b465ee728b)
Start importing Assets/RiolRat/Backgrounds using Guid(de48f48525122cc43afe512e3dd96846) Importer(815301076,1909f56bfc062723c751e8b465ee728b)  -> (artifact id: '5ab458e9ca8dade65cd371a29ca403c7') in 0.004954 seconds
  Import took 0.010396 seconds .

========================================================================
Received Import Request.
  Time since last request: 1.226362 seconds.
  path: Assets/RiolRat/Materials
  artifactKey: Guid(6b94940622975b74cb18f5d2e4a009ad) Importer(815301076,1909f56bfc062723c751e8b465ee728b)
Start importing Assets/RiolRat/Materials using Guid(6b94940622975b74cb18f5d2e4a009ad) Importer(815301076,1909f56bfc062723c751e8b465ee728b)  -> (artifact id: '4257aa8c99234baeaedd2e534c4966e6') in 0.004301 seconds
  Import took 0.009090 seconds .

========================================================================
Received Import Request.
  Time since last request: 0.568947 seconds.
  path: Assets/RiolRat/Other
  artifactKey: Guid(53ed6447833a8de4286778bdeea32333) Importer(815301076,1909f56bfc062723c751e8b465ee728b)
Start importing Assets/RiolRat/Other using Guid(53ed6447833a8de4286778bdeea32333) Importer(815301076,1909f56bfc062723c751e8b465ee728b)  -> (artifact id: '360904f5b9866fd0d5ffc4dc391f90c3') in 0.004149 seconds
  Import took 0.008880 seconds .

========================================================================
Received Import Request.
  Time since last request: 0.067290 seconds.
  path: Assets/RiolRat/Other/2D Renderer Data.asset
  artifactKey: Guid(d70dcef1c4a8ffe4ba35df51bbb49415) Importer(815301076,1909f56bfc062723c751e8b465ee728b)
Start importing Assets/RiolRat/Other/2D Renderer Data.asset using Guid(d70dcef1c4a8ffe4ba35df51bbb49415) Importer(815301076,1909f56bfc062723c751e8b465ee728b)  -> (artifact id: '474b89e3a3ba3dcf434f9a7bc0d5ab6b') in 0.031095 seconds
  Import took 0.035883 seconds .

========================================================================
Received Import Request.
  Time since last request: 0.000294 seconds.
  path: Assets/RiolRat/Other/PostProcessing Profile.asset
  artifactKey: Guid(c4bb67675f983b14eb8e7fe7064ebad7) Importer(815301076,1909f56bfc062723c751e8b465ee728b)
Start importing Assets/RiolRat/Other/PostProcessing Profile.asset using Guid(c4bb67675f983b14eb8e7fe7064ebad7) Importer(815301076,1909f56bfc062723c751e8b465ee728b)  -> (artifact id: '4aac0985b63d72b90f573a8a5403a696') in 0.017070 seconds
  Import took 0.021966 seconds .

========================================================================
Received Import Request.
  Time since last request: 0.000260 seconds.
  path: Assets/RiolRat/Other/UniversalRenderPipelineAsset.asset
  artifactKey: Guid(f69b0164b0b516a49b398dae734f0a82) Importer(815301076,1909f56bfc062723c751e8b465ee728b)
Start importing Assets/RiolRat/Other/UniversalRenderPipelineAsset.asset using Guid(f69b0164b0b516a49b398dae734f0a82) Importer(815301076,1909f56bfc062723c751e8b465ee728b)  -> (artifact id: '960ddb036fed0eed33f79de31a890950') in 0.004957 seconds
  Import took 0.010032 seconds .

========================================================================
Received Import Request.
  Time since last request: 1.521491 seconds.
  path: Assets/RiolRat/Other/AddNewLevel.txt
  artifactKey: Guid(34154a9dd2a09074c801f83408bf6827) Importer(815301076,1909f56bfc062723c751e8b465ee728b)
Start importing Assets/RiolRat/Other/AddNewLevel.txt using Guid(34154a9dd2a09074c801f83408bf6827) Importer(815301076,1909f56bfc062723c751e8b465ee728b)  -> (artifact id: '7e7edb102eb05b232cd646aeae8ebddd') in 0.008481 seconds
  Import took 0.013033 seconds .

========================================================================
Received Import Request.
  Time since last request: 0.010503 seconds.
  path: Assets/RiolRat/Other/AddNewLevel.txt
  artifactKey: Guid(34154a9dd2a09074c801f83408bf6827) Importer(815301076,1909f56bfc062723c751e8b465ee728b)
Start importing Assets/RiolRat/Other/AddNewLevel.txt using Guid(34154a9dd2a09074c801f83408bf6827) Importer(815301076,1909f56bfc062723c751e8b465ee728b)  -> (artifact id: '7e7edb102eb05b232cd646aeae8ebddd') in 0.003607 seconds
  Import took 0.008349 seconds .

========================================================================
Received Import Request.
  Time since last request: 160.787012 seconds.
  path: Assets/RiolRat/Other/AddNewLevel.txt
  artifactKey: Guid(34154a9dd2a09074c801f83408bf6827) Importer(815301076,1909f56bfc062723c751e8b465ee728b)
Start importing Assets/RiolRat/Other/AddNewLevel.txt using Guid(34154a9dd2a09074c801f83408bf6827) Importer(815301076,1909f56bfc062723c751e8b465ee728b)  -> (artifact id: '3ec76c4811c944e160ff6e7074da1d9e') in 0.004071 seconds
  Import took 0.008847 seconds .

========================================================================
Received Import Request.
  Time since last request: 0.048775 seconds.
  path: Assets/RiolRat/Other/AddNewLevel.txt
  artifactKey: Guid(34154a9dd2a09074c801f83408bf6827) Importer(815301076,1909f56bfc062723c751e8b465ee728b)
Start importing Assets/RiolRat/Other/AddNewLevel.txt using Guid(34154a9dd2a09074c801f83408bf6827) Importer(815301076,1909f56bfc062723c751e8b465ee728b)  -> (artifact id: '3ec76c4811c944e160ff6e7074da1d9e') in 0.005780 seconds
  Import took 0.012737 seconds .

